<?xml version="1.0" encoding="UTF-8"?>
<!-- Generated by org.testng.reporters.JUnitReportReporter -->
<testsuite skipped="1" hostname="apples-MacBook-Pro.local" name="com.Day1.TestNGAnnotations" tests="2" failures="0" timestamp="25 Feb 2020 11:01:32 GMT" time="0.001" errors="0">
  <testcase name="test2" time="0.001" classname="com.Day1.TestNGAnnotations"/>
  <testcase name="test" classname="com.Day1.TestNGAnnotations">
    <skipped/>
  </testcase> <!-- test -->
</testsuite> <!-- com.Day1.TestNGAnnotations -->
